-------------------------------------------------------------------------------
Test set: VehiculoXmlDataTest
-------------------------------------------------------------------------------
Tests run: 1, Failures: 1, Errors: 0, Skipped: 0, Time elapsed: 0.279 s <<< FAILURE! -- in VehiculoXmlDataTest
VehiculoXmlDataTest.testCrearYLeerArchivo -- Time elapsed: 0.234 s <<< FAILURE!
org.opentest4j.AssertionFailedError: Should have the same number of vehicles ==> expected: <3> but was: <0>
	at org.junit.jupiter.api.AssertionFailureBuilder.build(AssertionFailureBuilder.java:151)
	at org.junit.jupiter.api.AssertionFailureBuilder.buildAndThrow(AssertionFailureBuilder.java:132)
	at org.junit.jupiter.api.AssertEquals.failNotEqual(AssertEquals.java:197)
	at org.junit.jupiter.api.AssertEquals.assertEquals(AssertEquals.java:150)
	at org.junit.jupiter.api.Assertions.assertEquals(Assertions.java:559)
	at VehiculoXmlDataTest.testCrearYLeerArchivo(VehiculoXmlDataTest.java:49)
	at java.base/java.lang.reflect.Method.invoke(Method.java:580)
	at java.base/java.util.ArrayList.forEach(ArrayList.java:1597)
	at java.base/java.util.ArrayList.forEach(ArrayList.java:1597)

